<?xml version="1.0" encoding="UTF-8"?>
<!-- Generated by org.testng.reporters.JUnitXMLReporter -->
<testsuite ignored="5" hostname="DESKTOP-ULMMDGA" failures="0" tests="1" name="Smoke(failed)(failed)" time="22.026" errors="0" timestamp="2022-11-06T22:12:25 IST">
  <testcase classname="com.sfe.testscripts.SignUpPageTest" name="googleSingUp" time="18.15"/>
  <testcase classname="com.sfe.testscripts.SignUpPageTest" name="AlreadyAMemberSignin" time="0.0">
    <ignored/>
  </testcase> <!-- AlreadyAMemberSignin -->
  <testcase classname="com.sfe.testscripts.SignUpPageTest" name="facebookSingUp" time="0.0">
    <ignored/>
  </testcase> <!-- facebookSingUp -->
  <testcase classname="com.sfe.testscripts.SignUpPageTest" name="mobileSignUp" time="0.0">
    <ignored/>
  </testcase> <!-- mobileSignUp -->
  <testcase classname="com.sfe.testscripts.SignUpPageTest" name="emailSingUp" time="0.0">
    <ignored/>
  </testcase> <!-- emailSingUp -->
  <testcase classname="com.sfe.testscripts.SignUpPageTest" name="whatsAppSignUp" time="0.0">
    <ignored/>
  </testcase> <!-- whatsAppSignUp -->
</testsuite> <!-- Smoke(failed)(failed) -->
