<?xml version="1.0" encoding="UTF-8"?>
<!-- Generated by org.testng.reporters.JUnitXMLReporter -->
<testsuite ignored="5" hostname="DESKTOP-ULMMDGA" failures="1" tests="1" name="Smoke(failed)" time="23.532" errors="0" timestamp="2022-11-06T22:10:18 IST">
  <testcase classname="com.sfe.testscripts.SignUpPageTest" name="googleSingUp" time="17.899">
    <failure type="java.lang.AssertionError" message="expected [https://www.devsfe.proxtera.app/dashboard] but found [https://www.devsfe.proxtera.app/dashboard/edit-profile]">
      <![CDATA[java.lang.AssertionError: expected [https://www.devsfe.proxtera.app/dashboard] but found [https://www.devsfe.proxtera.app/dashboard/edit-profile]
at com.sfe.testscripts.SignUpPageTest.googleSingUp(SignUpPageTest.java:39)
at java.base/java.util.ArrayList.forEach(ArrayList.java:1511)
... Removed 32 stack frames]]>
    </failure>
  </testcase> <!-- googleSingUp -->
  <testcase classname="com.sfe.testscripts.SignUpPageTest" name="AlreadyAMemberSignin" time="0.0">
    <ignored/>
  </testcase> <!-- AlreadyAMemberSignin -->
  <testcase classname="com.sfe.testscripts.SignUpPageTest" name="facebookSingUp" time="0.0">
    <ignored/>
  </testcase> <!-- facebookSingUp -->
  <testcase classname="com.sfe.testscripts.SignUpPageTest" name="mobileSignUp" time="0.0">
    <ignored/>
  </testcase> <!-- mobileSignUp -->
  <testcase classname="com.sfe.testscripts.SignUpPageTest" name="emailSingUp" time="0.0">
    <ignored/>
  </testcase> <!-- emailSingUp -->
  <testcase classname="com.sfe.testscripts.SignUpPageTest" name="whatsAppSignUp" time="0.0">
    <ignored/>
  </testcase> <!-- whatsAppSignUp -->
</testsuite> <!-- Smoke(failed) -->
