<?xml version="1.0" encoding="UTF-8"?>
<!-- Generated by org.testng.reporters.JUnitXMLReporter -->
<testsuite ignored="6" hostname="DESKTOP-ULMMDGA" failures="0" tests="1" name="Smoke(failed)(failed)(failed)(failed)" time="23.261" errors="0" timestamp="2022-11-06T21:48:47 IST">
  <testcase classname="com.sfe.testscripts.SignInPageTest" name="facebookSignIn" time="19.629"/>
  <testcase classname="com.sfe.testscripts.SignInPageTest" name="forgotPassword" time="0.0">
    <ignored/>
  </testcase> <!-- forgotPassword -->
  <testcase classname="com.sfe.testscripts.SignInPageTest" name="googleSignIn" time="0.0">
    <ignored/>
  </testcase> <!-- googleSignIn -->
  <testcase classname="com.sfe.testscripts.SignInPageTest" name="notRegisteredSignUp" time="0.0">
    <ignored/>
  </testcase> <!-- notRegisteredSignUp -->
  <testcase classname="com.sfe.testscripts.SignInPageTest" name="emailSignIn" time="0.0">
    <ignored/>
  </testcase> <!-- emailSignIn -->
  <testcase classname="com.sfe.testscripts.SignInPageTest" name="whatsAppSignIn" time="0.0">
    <ignored/>
  </testcase> <!-- whatsAppSignIn -->
  <testcase classname="com.sfe.testscripts.SignInPageTest" name="mobileSignIn" time="0.0">
    <ignored/>
  </testcase> <!-- mobileSignIn -->
</testsuite> <!-- Smoke(failed)(failed)(failed)(failed) -->
